<?xml version="1.0" encoding="UTF-8"?>
<testng-results skipped="0" failed="1" total="5" passed="4">
  <reporter-output>
  </reporter-output>
  <suite name="Webinar" duration-ms="57937" started-at="2015-06-15T03:26:20Z" finished-at="2015-06-15T03:27:18Z">
    <groups>
    </groups>
    <test name="Go TO Webinar Smoke Test" duration-ms="57937" started-at="2015-06-15T03:26:20Z" finished-at="2015-06-15T03:27:18Z">
      <class name="com.citrixproject.DriverScript">
        <test-method status="PASS" signature="gettingTestData()[pri:0, instance:com.citrixproject.DriverScript@6bdf28bb]" name="gettingTestData" duration-ms="713" started-at="2015-06-14T22:26:20Z" finished-at="2015-06-14T22:26:21Z">
          <reporter-output>
          </reporter-output>
        </test-method> <!-- gettingTestData -->
        <test-method status="PASS" signature="LaunchWebinarBrowser()[pri:0, instance:com.citrixproject.DriverScript@6bdf28bb]" name="LaunchWebinarBrowser" duration-ms="16557" started-at="2015-06-14T22:26:21Z" depends-on-methods="com.citrixproject.DriverScript.gettingTestData" finished-at="2015-06-14T22:26:37Z">
          <reporter-output>
          </reporter-output>
        </test-method> <!-- LaunchWebinarBrowser -->
        <test-method status="PASS" signature="validateWebinarLoginPage()[pri:0, instance:com.citrixproject.DriverScript@6bdf28bb]" name="validateWebinarLoginPage" duration-ms="10196" started-at="2015-06-14T22:26:37Z" depends-on-methods="com.citrixproject.DriverScript.gettingTestData, com.citrixproject.DriverScript.LaunchWebinarBrowser" finished-at="2015-06-14T22:26:48Z">
          <reporter-output>
          </reporter-output>
        </test-method> <!-- validateWebinarLoginPage -->
        <test-method status="PASS" signature="scheduleAWebinarPage()[pri:0, instance:com.citrixproject.DriverScript@6bdf28bb]" name="scheduleAWebinarPage" duration-ms="16628" started-at="2015-06-14T22:26:48Z" depends-on-methods="com.citrixproject.DriverScript.validateWebinarLoginPage" finished-at="2015-06-14T22:27:04Z">
          <reporter-output>
          </reporter-output>
        </test-method> <!-- scheduleAWebinarPage -->
        <test-method status="FAIL" signature="validateSavedWebinar()[pri:0, instance:com.citrixproject.DriverScript@6bdf28bb]" name="validateSavedWebinar" duration-ms="10436" started-at="2015-06-14T22:27:04Z" depends-on-methods="com.citrixproject.DriverScript.scheduleAWebinarPage, com.citrixproject.DriverScript.validateWebinarLoginPage" finished-at="2015-06-14T22:27:15Z">
          <exception class="org.openqa.selenium.NoSuchElementException">
            <message>
              <![CDATA[no such element
  (Session info: chrome=43.0.2357.124)
  (Driver info: chromedriver=2.15.322448 (52179c1b310fec1797c81ea9a20326839860b7d3),platform=Windows NT 6.3 x86_64) (WARNING: The server did not provide any stacktrace information)
Command duration or timeout: 5.96 seconds
For documentation on this error, please visit: http://seleniumhq.org/exceptions/no_such_element.html
Build info: version: '2.46.0', revision: '61506a4624b13675f24581e453592342b7485d71', time: '2015-06-04 10:22:50'
System info: host: 'KV', ip: '192.168.0.8', os.name: 'Windows 8.1', os.arch: 'amd64', os.version: '6.3', java.version: '1.8.0_45'
Driver info: org.openqa.selenium.chrome.ChromeDriver
Capabilities [{applicationCacheEnabled=false, rotatable=false, mobileEmulationEnabled=false, chrome={userDataDir=C:\Users\Vinodh\AppData\Local\Temp\scoped_dir1716_23290}, takesHeapSnapshot=true, databaseEnabled=false, handlesAlerts=true, version=43.0.2357.124, platform=WIN8_1, browserConnectionEnabled=false, nativeEvents=true, acceptSslCerts=true, locationContextEnabled=true, webStorageEnabled=true, browserName=chrome, takesScreenshot=true, javascriptEnabled=true, cssSelectorsEnabled=true}]
Session ID: 5f2c34f891a806c71139069ab8a268d0
*** Element info: {Using=xpath, value=//span[text()='Auto_Title_1434338808072']}]]>
            </message>
            <full-stacktrace>
              <![CDATA[org.openqa.selenium.NoSuchElementException: no such element
  (Session info: chrome=43.0.2357.124)
  (Driver info: chromedriver=2.15.322448 (52179c1b310fec1797c81ea9a20326839860b7d3),platform=Windows NT 6.3 x86_64) (WARNING: The server did not provide any stacktrace information)
Command duration or timeout: 5.96 seconds
For documentation on this error, please visit: http://seleniumhq.org/exceptions/no_such_element.html
Build info: version: '2.46.0', revision: '61506a4624b13675f24581e453592342b7485d71', time: '2015-06-04 10:22:50'
System info: host: 'KV', ip: '192.168.0.8', os.name: 'Windows 8.1', os.arch: 'amd64', os.version: '6.3', java.version: '1.8.0_45'
Driver info: org.openqa.selenium.chrome.ChromeDriver
Capabilities [{applicationCacheEnabled=false, rotatable=false, mobileEmulationEnabled=false, chrome={userDataDir=C:\Users\Vinodh\AppData\Local\Temp\scoped_dir1716_23290}, takesHeapSnapshot=true, databaseEnabled=false, handlesAlerts=true, version=43.0.2357.124, platform=WIN8_1, browserConnectionEnabled=false, nativeEvents=true, acceptSslCerts=true, locationContextEnabled=true, webStorageEnabled=true, browserName=chrome, takesScreenshot=true, javascriptEnabled=true, cssSelectorsEnabled=true}]
Session ID: 5f2c34f891a806c71139069ab8a268d0
*** Element info: {Using=xpath, value=//span[text()='Auto_Title_1434338808072']}
	at sun.reflect.NativeConstructorAccessorImpl.newInstance0(Native Method)
	at sun.reflect.NativeConstructorAccessorImpl.newInstance(NativeConstructorAccessorImpl.java:62)
	at sun.reflect.DelegatingConstructorAccessorImpl.newInstance(DelegatingConstructorAccessorImpl.java:45)
	at java.lang.reflect.Constructor.newInstance(Constructor.java:422)
	at org.openqa.selenium.remote.ErrorHandler.createThrowable(ErrorHandler.java:204)
	at org.openqa.selenium.remote.ErrorHandler.throwIfResponseFailed(ErrorHandler.java:156)
	at org.openqa.selenium.remote.RemoteWebDriver.execute(RemoteWebDriver.java:605)
	at org.openqa.selenium.remote.RemoteWebDriver.findElement(RemoteWebDriver.java:358)
	at org.openqa.selenium.remote.RemoteWebDriver.findElementByXPath(RemoteWebDriver.java:455)
	at org.openqa.selenium.By$ByXPath.findElement(By.java:358)
	at org.openqa.selenium.remote.RemoteWebDriver.findElement(RemoteWebDriver.java:350)
	at com.citrixproject.Util.checkElementByXpath(Util.java:81)
	at com.citrixproject.MyWebinar.validateMyWebinarTitle(MyWebinar.java:13)
	at com.citrixproject.DriverScript.validateSavedWebinar(DriverScript.java:78)
	at sun.reflect.NativeMethodAccessorImpl.invoke0(Native Method)
	at sun.reflect.NativeMethodAccessorImpl.invoke(NativeMethodAccessorImpl.java:62)
	at sun.reflect.DelegatingMethodAccessorImpl.invoke(DelegatingMethodAccessorImpl.java:43)
	at java.lang.reflect.Method.invoke(Method.java:497)
	at org.testng.internal.MethodInvocationHelper.invokeMethod(MethodInvocationHelper.java:85)
	at org.testng.internal.Invoker.invokeMethod(Invoker.java:659)
	at org.testng.internal.Invoker.invokeTestMethod(Invoker.java:845)
	at org.testng.internal.Invoker.invokeTestMethods(Invoker.java:1153)
	at org.testng.internal.TestMethodWorker.invokeTestMethods(TestMethodWorker.java:125)
	at org.testng.internal.TestMethodWorker.run(TestMethodWorker.java:108)
	at org.testng.TestRunner.privateRun(TestRunner.java:771)
	at org.testng.TestRunner.run(TestRunner.java:621)
	at org.testng.SuiteRunner.runTest(SuiteRunner.java:357)
	at org.testng.SuiteRunner.runSequentially(SuiteRunner.java:352)
	at org.testng.SuiteRunner.privateRun(SuiteRunner.java:310)
	at org.testng.SuiteRunner.run(SuiteRunner.java:259)
	at org.testng.SuiteRunnerWorker.runSuite(SuiteRunnerWorker.java:52)
	at org.testng.SuiteRunnerWorker.run(SuiteRunnerWorker.java:86)
	at org.testng.TestNG.runSuitesSequentially(TestNG.java:1199)
	at org.testng.TestNG.runSuitesLocally(TestNG.java:1124)
	at org.testng.TestNG.run(TestNG.java:1032)
	at org.apache.maven.surefire.testng.TestNGExecutor.run(TestNGExecutor.java:295)
	at org.apache.maven.surefire.testng.TestNGXmlTestSuite.execute(TestNGXmlTestSuite.java:84)
	at org.apache.maven.surefire.testng.TestNGProvider.invoke(TestNGProvider.java:90)
	at org.apache.maven.surefire.booter.ForkedBooter.invokeProviderInSameClassLoader(ForkedBooter.java:203)
	at org.apache.maven.surefire.booter.ForkedBooter.runSuitesInProcess(ForkedBooter.java:155)
	at org.apache.maven.surefire.booter.ForkedBooter.main(ForkedBooter.java:103)
]]>
            </full-stacktrace>
          </exception> <!-- org.openqa.selenium.NoSuchElementException -->
          <reporter-output>
          </reporter-output>
        </test-method> <!-- validateSavedWebinar -->
        <test-method status="PASS" signature="ClosingAllBrowsers()[pri:0, instance:com.citrixproject.DriverScript@6bdf28bb]" name="ClosingAllBrowsers" is-config="true" duration-ms="3323" started-at="2015-06-14T22:27:15Z" finished-at="2015-06-14T22:27:18Z">
          <reporter-output>
          </reporter-output>
        </test-method> <!-- ClosingAllBrowsers -->
      </class> <!-- com.citrixproject.DriverScript -->
    </test> <!-- Go TO Webinar Smoke Test -->
  </suite> <!-- Webinar -->
</testng-results>
