<?xml version="1.0" encoding="UTF-8"?>
<testsuite name="TestSuite" time="54.558" tests="5" errors="0" skipped="0" failures="1">
  <properties>
[...]
</properties>
  <testcase name="gettingTestData" classname="com.citrixproject.DriverScript" time="0.714"/>
  <testcase name="LaunchWebinarBrowser" classname="com.citrixproject.DriverScript" time="16.557"/>
  <testcase name="validateWebinarLoginPage" classname="com.citrixproject.DriverScript" time="10.205"/>
  <testcase name="scheduleAWebinarPage" classname="com.citrixproject.DriverScript" time="16.618"/>
  <testcase name="validateSavedWebinar" classname="com.citrixproject.DriverScript" time="10.464">
    <failure message="no such element&#10;  (Session info: chrome=43.0.2357.124)&#10;  (Driver info: chromedriver=2.15.322448 (52179c1b310fec1797c81ea9a20326839860b7d3),platform=Windows NT 6.3 x86_64) (WARNING: The server did not provide any stacktrace information)&#10;Command duration or timeout: 5.96 seconds&#10;For documentation on this error, please visit: http://seleniumhq.org/exceptions/no_such_element.html&#10;Build info: version: &apos;2.46.0&apos;, revision: &apos;61506a4624b13675f24581e453592342b7485d71&apos;, time: &apos;2015-06-04 10:22:50&apos;&#10;System info: host: &apos;KV&apos;, ip: &apos;192.168.0.8&apos;, os.name: &apos;Windows 8.1&apos;, os.arch: &apos;amd64&apos;, os.version: &apos;6.3&apos;, java.version: &apos;1.8.0_45&apos;&#10;Driver info: org.openqa.selenium.chrome.ChromeDriver&#10;Capabilities [{applicationCacheEnabled=false, rotatable=false, mobileEmulationEnabled=false, chrome={userDataDir=C:\Users\Vinodh\AppData\Local\Temp\scoped_dir1716_23290}, takesHeapSnapshot=true, databaseEnabled=false, handlesAlerts=true, version=43.0.2357.124, platform=WIN8_1, browserConnectionEnabled=false, nativeEvents=true, acceptSslCerts=true, locationContextEnabled=true, webStorageEnabled=true, browserName=chrome, takesScreenshot=true, javascriptEnabled=true, cssSelectorsEnabled=true}]&#10;Session ID: 5f2c34f891a806c71139069ab8a268d0&#10;*** Element info: {Using=xpath, value=//span[text()=&apos;Auto_Title_1434338808072&apos;]}" type="org.openqa.selenium.NoSuchElementException">org.openqa.selenium.NoSuchElementException: no such element
  (Session info: chrome=43.0.2357.124)
  (Driver info: chromedriver=2.15.322448 (52179c1b310fec1797c81ea9a20326839860b7d3),platform=Windows NT 6.3 x86_64) (WARNING: The server did not provide any stacktrace information)
Command duration or timeout: 5.96 seconds
For documentation on this error, please visit: http://seleniumhq.org/exceptions/no_such_element.html
Build info: version: '2.46.0', revision: '61506a4624b13675f24581e453592342b7485d71', time: '2015-06-04 10:22:50'
System info: host: 'KV', ip: '192.168.0.8', os.name: 'Windows 8.1', os.arch: 'amd64', os.version: '6.3', java.version: '1.8.0_45'
Driver info: org.openqa.selenium.chrome.ChromeDriver
Capabilities [{applicationCacheEnabled=false, rotatable=false, mobileEmulationEnabled=false, chrome={userDataDir=C:\Users\Vinodh\AppData\Local\Temp\scoped_dir1716_23290}, takesHeapSnapshot=true, databaseEnabled=false, handlesAlerts=true, version=43.0.2357.124, platform=WIN8_1, browserConnectionEnabled=false, nativeEvents=true, acceptSslCerts=true, locationContextEnabled=true, webStorageEnabled=true, browserName=chrome, takesScreenshot=true, javascriptEnabled=true, cssSelectorsEnabled=true}]
Session ID: 5f2c34f891a806c71139069ab8a268d0
*** Element info: {Using=xpath, value=//span[text()='Auto_Title_1434338808072']}
	at sun.reflect.NativeConstructorAccessorImpl.newInstance0(Native Method)
	at sun.reflect.NativeConstructorAccessorImpl.newInstance(NativeConstructorAccessorImpl.java:62)
	at sun.reflect.DelegatingConstructorAccessorImpl.newInstance(DelegatingConstructorAccessorImpl.java:45)
	at java.lang.reflect.Constructor.newInstance(Constructor.java:422)
	at org.openqa.selenium.remote.ErrorHandler.createThrowable(ErrorHandler.java:204)
	at org.openqa.selenium.remote.ErrorHandler.throwIfResponseFailed(ErrorHandler.java:156)
	at org.openqa.selenium.remote.RemoteWebDriver.execute(RemoteWebDriver.java:605)
	at org.openqa.selenium.remote.RemoteWebDriver.findElement(RemoteWebDriver.java:358)
	at org.openqa.selenium.remote.RemoteWebDriver.findElementByXPath(RemoteWebDriver.java:455)
	at org.openqa.selenium.By$ByXPath.findElement(By.java:358)
	at org.openqa.selenium.remote.RemoteWebDriver.findElement(RemoteWebDriver.java:350)
	at com.citrixproject.Util.checkElementByXpath(Util.java:81)
	at com.citrixproject.MyWebinar.validateMyWebinarTitle(MyWebinar.java:13)
	at com.citrixproject.DriverScript.validateSavedWebinar(DriverScript.java:78)
</failure>
    <system-out><![CDATA[Left Frame >> My Webinar link clicked successfully...............
]]></system-out>
  </testcase>
</testsuite>